function hello_world
with arguments (), {}
started at 2023-07-20 22:12:56.522340
with result: Hello World

function summator
with arguments (2, 2), {}
started at 2023-07-20 22:12:56.522340
with result: 4

function div
with arguments (6, 2), {}
started at 2023-07-20 22:12:56.523339
with result: 3.0

function summator
with arguments (4.3,), {'b': 2.2}
started at 2023-07-20 22:12:56.523339
with result: 6.5

function summator
with arguments (), {'a': 0, 'b': 0}
started at 2023-07-20 22:12:56.524339
with result: 0

